[06/May/2026 13:01:14] "POST /api/auth/login/ HTTP/1.1" 401 31
[06/May/2026 13:08:45] "POST /api/auth/login/ HTTP/1.1" 401 31
[06/May/2026 13:10:21] "POST /api/auth/login/ HTTP/1.1" 401 31
[06/May/2026 13:13:47] "POST /api/auth/login/ HTTP/1.1" 401 31
[06/May/2026 13:13:58] "POST /api/auth/login/ HTTP/1.1" 401 77
[06/May/2026 14:36:24] "POST /api/auth/login/ HTTP/1.1" 401 31
[06/May/2026 14:41:56] "POST /api/auth/login/ HTTP/1.1" 200 977
[06/May/2026 14:41:58] "GET /api/superadmin/dashboard/activity/?limit=10 HTTP/1.1" 200 1186
[06/May/2026 14:41:58] "GET /api/superadmin/dashboard/activity/?limit=10 HTTP/1.1" 200 1186
[06/May/2026 14:41:58] "GET /api/superadmin/dashboard/stats/ HTTP/1.1" 200 124
[06/May/2026 14:41:58] "GET /api/superadmin/dashboard/stats/ HTTP/1.1" 200 124
[06/May/2026 14:42:07] "GET /api/superadmin/users/?search=&page_size=100 HTTP/1.1" 200 589
[06/May/2026 14:42:07] "GET /api/superadmin/users/?search=&page_size=100 HTTP/1.1" 200 589
[06/May/2026 14:42:12] "GET /api/control-plane/tenants/ HTTP/1.1" 200 529
[06/May/2026 14:42:12] "GET /api/control-plane/tenants/ HTTP/1.1" 200 529
[06/May/2026 14:42:15] "GET /api/control-plane/masters/ HTTP/1.1" 200 1200
[06/May/2026 14:42:15] "GET /api/control-plane/tenants/ HTTP/1.1" 200 529
[06/May/2026 14:42:15] "GET /api/control-plane/tenants/ HTTP/1.1" 200 529
[06/May/2026 14:42:15] "GET /api/control-plane/masters/ HTTP/1.1" 200 1200
[06/May/2026 14:43:53] "POST /api/auth/login/ HTTP/1.1" 200 946
[06/May/2026 14:43:53] "GET /api/control-plane/subscription-status/ HTTP/1.1" 200 80
[06/May/2026 14:43:54] "GET /api/control-plane/company-profile/me/ HTTP/1.1" 200 340
[06/May/2026 14:43:54] "GET /api/control-plane/company-profile/me/ HTTP/1.1" 200 340
[06/May/2026 14:43:54] "GET /api/auth/masteradmin/my-tenant/ HTTP/1.1" 200 74
[06/May/2026 14:43:54] "GET /api/control-plane/subscription-status/ HTTP/1.1" 200 80
[06/May/2026 14:43:55] "GET /api/auth/masteradmin/dashboard/stats/ HTTP/1.1" 200 78
[06/May/2026 14:43:55] "GET /api/auth/masteradmin/dashboard/stats/ HTTP/1.1" 200 78
[06/May/2026 14:43:59] "GET /api/control-plane/company-profile/me/ HTTP/1.1" 200 340
[06/May/2026 14:43:59] "GET /api/auth/masteradmin/projects/ HTTP/1.1" 200 526
[06/May/2026 14:43:59] "GET /api/auth/masteradmin/admin-users/ HTTP/1.1" 200 2017
[06/May/2026 14:43:59] "GET /api/auth/masteradmin/admin-users/ HTTP/1.1" 200 2017
[06/May/2026 14:43:59] "GET /api/auth/masteradmin/projects/ HTTP/1.1" 200 526
[06/May/2026 14:45:02] "POST /api/auth/login/ HTTP/1.1" 200 946
[06/May/2026 14:45:02] "GET /api/control-plane/subscription-status/ HTTP/1.1" 200 80
[06/May/2026 14:45:03] "GET /api/control-plane/company-profile/me/ HTTP/1.1" 200 340
[06/May/2026 14:45:03] "GET /api/control-plane/company-profile/me/ HTTP/1.1" 200 340
[06/May/2026 14:45:03] "GET /api/auth/masteradmin/my-tenant/ HTTP/1.1" 200 74
[06/May/2026 14:45:03] "GET /api/control-plane/subscription-status/ HTTP/1.1" 200 80
[06/May/2026 14:45:04] "GET /api/auth/masteradmin/dashboard/stats/ HTTP/1.1" 200 78
[06/May/2026 14:45:04] "GET /api/auth/masteradmin/dashboard/stats/ HTTP/1.1" 200 78
[06/May/2026 14:45:06] "GET /api/control-plane/company-profile/me/ HTTP/1.1" 200 340
[06/May/2026 14:45:06] "GET /api/auth/masteradmin/projects/ HTTP/1.1" 200 526
[06/May/2026 14:45:06] "GET /api/auth/masteradmin/projects/ HTTP/1.1" 200 526
[06/May/2026 14:45:06] "GET /api/auth/masteradmin/admin-users/ HTTP/1.1" 200 2017
[06/May/2026 14:45:06] "GET /api/auth/masteradmin/admin-users/ HTTP/1.1" 200 2017
[06/May/2026 14:45:11] "POST /api/auth/masteradmin/users/19/reset-password/ HTTP/1.1" 200 39
[06/May/2026 14:45:36] "POST /api/auth/masteradmin/users/19/reset-password/ HTTP/1.1" 200 39
[06/May/2026 14:46:05] "POST /api/auth/login/ HTTP/1.1" 401 77
[06/May/2026 14:48:06] "POST /api/auth/login/ HTTP/1.1" 200 976
[06/May/2026 14:48:29] "GET /api/system/tenant-services/ HTTP/1.1" 200 741
[06/May/2026 14:48:29] "GET /api/auth/company/details/ HTTP/1.1" 200 235
[06/May/2026 14:48:29] "GET /api/system/tenant-services/ HTTP/1.1" 200 741
[06/May/2026 14:49:31] "GET /api/workforce/employees/participants/ HTTP/1.1" 200 431
[06/May/2026 14:49:45] "POST /api/v1/mom/schedule/ HTTP/1.1" 201 1105
[06/May/2026 14:49:45] "POST /api/notifications/create/ HTTP/1.1" 201 360
[06/May/2026 14:49:45] "POST /api/notifications/create/ HTTP/1.1" 201 360
[06/May/2026 14:49:45] "POST /api/notifications/create/ HTTP/1.1" 201 360
[06/May/2026 14:49:45] "POST /api/notifications/create/ HTTP/1.1" 201 360
[06/May/2026 14:49:45] "POST /api/notifications/create/ HTTP/1.1" 201 360
[06/May/2026 14:49:45] "POST /api/notifications/create/ HTTP/1.1" 201 360
Performing system checks...

System check identified no issues (0 silenced).
May 06, 2026 - 12:53:41
Django version 5.2.12, using settings 'athens2.settings'
Starting development server at http://0.0.0.0:8004/
Quit the server with CTRL-BREAK.

WARNING: This is a development server. Do not use it in a production setting. Use a production WSGI or ASGI server instead.
For more information on production servers see: https://docs.djangoproject.com/en/5.2/howto/deployment/
[MOM PARTICIPANTS] user=19 project=Hospital Management system count=6
[MOM CREATE] id=14 title='test' scheduled_by=19 project=Hospital Management system participants=[19, 20, 21, 23, 24, 25, 26]
[MOM CREATE] notifications sent to 7 users
Performing system checks...

System check identified no issues (0 silenced).
May 06, 2026 - 14:53:08
Django version 5.2.12, using settings 'athens2.settings'
Starting development server at http://0.0.0.0:8004/
Quit the server with CTRL-BREAK.

WARNING: This is a development server. Do not use it in a production setting. Use a production WSGI or ASGI server instead.
For more information on production servers see: https://docs.djangoproject.com/en/5.2/howto/deployment/
Performing system checks...

System check identified no issues (0 silenced).
May 06, 2026 - 14:53:21
Django version 5.2.12, using settings 'athens2.settings'
Starting development server at http://0.0.0.0:8004/
Quit the server with CTRL-BREAK.

WARNING: This is a development server. Do not use it in a production setting. Use a production WSGI or ASGI server instead.
For more information on production servers see: https://docs.djangoproject.com/en/5.2/howto/deployment/
Performing system checks...

System check identified no issues (0 silenced).
May 06, 2026 - 14:53:35
Django version 5.2.12, using settings 'athens2.settings'
Starting development server at http://0.0.0.0:8004/
Quit the server with CTRL-BREAK.

WARNING: This is a development server. Do not use it in a production setting. Use a production WSGI or ASGI server instead.
For more information on production servers see: https://docs.djangoproject.com/en/5.2/howto/deployment/
Performing system checks...

System check identified no issues (0 silenced).
May 06, 2026 - 17:09:37
Django version 5.2.12, using settings 'athens2.settings'
Starting development server at http://0.0.0.0:8004/
Quit the server with CTRL-BREAK.

WARNING: This is a development server. Do not use it in a production setting. Use a production WSGI or ASGI server instead.
For more information on production servers see: https://docs.djangoproject.com/en/5.2/howto/deployment/
Performing system checks...

System check identified no issues (0 silenced).
May 06, 2026 - 17:10:28
Django version 5.2.12, using settings 'athens2.settings'
Starting development server at http://0.0.0.0:8004/
Quit the server with CTRL-BREAK.

WARNING: This is a development server. Do not use it in a production setting. Use a production WSGI or ASGI server instead.
For more information on production servers see: https://docs.djangoproject.com/en/5.2/howto/deployment/
Performing system checks...

System check identified no issues (0 silenced).
May 06, 2026 - 17:11:02
Django version 5.2.12, using settings 'athens2.settings'
Starting development server at http://0.0.0.0:8004/
Quit the server with CTRL-BREAK.

WARNING: This is a development server. Do not use it in a production setting. Use a production WSGI or ASGI server instead.
For more information on production servers see: https://docs.djangoproject.com/en/5.2/howto/deployment/
Performing system checks...

System check identified no issues (0 silenced).
May 06, 2026 - 17:11:08
Django version 5.2.12, using settings 'athens2.settings'
Starting development server at http://0.0.0.0:8004/
Quit the server with CTRL-BREAK.

WARNING: This is a development server. Do not use it in a production setting. Use a production WSGI or ASGI server instead.
For more information on production servers see: https://docs.djangoproject.com/en/5.2/howto/deployment/
Performing system checks...

System check identified no issues (0 silenced).
May 06, 2026 - 17:11:15
Django version 5.2.12, using settings 'athens2.settings'
Starting development server at http://0.0.0.0:8004/
Quit the server with CTRL-BREAK.

WARNING: This is a development server. Do not use it in a production setting. Use a production WSGI or ASGI server instead.
For more information on production servers see: https://docs.djangoproject.com/en/5.2/howto/deployment/
Performing system checks...

System check identified no issues (0 silenced).
May 06, 2026 - 17:11:21
Django version 5.2.12, using settings 'athens2.settings'
Starting development server at http://0.0.0.0:8004/
Quit the server with CTRL-BREAK.

WARNING: This is a development server. Do not use it in a production setting. Use a production WSGI or ASGI server instead.
For more information on production servers see: https://docs.djangoproject.com/en/5.2/howto/deployment/
Performing system checks...

System check identified no issues (0 silenced).
May 06, 2026 - 17:11:40
Django version 5.2.12, using settings 'athens2.settings'
Starting development server at http://0.0.0.0:8004/
Quit the server with CTRL-BREAK.

WARNING: This is a development server. Do not use it in a production setting. Use a production WSGI or ASGI server instead.
For more information on production servers see: https://docs.djangoproject.com/en/5.2/howto/deployment/
[06/May/2026 17:14:45] "GET /api/v1/mom/12/live/ HTTP/1.1" 500 145
[06/May/2026 17:14:52] "GET /api/v1/mom/12/live/ HTTP/1.1" 500 145
[06/May/2026 17:17:53] "GET /api/auth/company/details/ HTTP/1.1" 200 235
[06/May/2026 17:17:53] "GET /api/system/tenant-services/ HTTP/1.1" 200 741
[06/May/2026 17:17:53] "GET /api/system/tenant-services/ HTTP/1.1" 200 741
[06/May/2026 17:17:53] "GET /api/v1/mom/12/live/ HTTP/1.1" 500 145
[06/May/2026 17:17:53] "GET /api/v1/mom/12/live/ HTTP/1.1" 500 145
[06/May/2026 17:17:57] "GET /api/auth/company/details/ HTTP/1.1" 200 235
[06/May/2026 17:17:57] "GET /api/system/tenant-services/ HTTP/1.1" 200 741
[06/May/2026 17:17:57] "GET /api/system/tenant-services/ HTTP/1.1" 200 741
[06/May/2026 17:17:57] "GET /api/v1/mom/list/ HTTP/1.1" 200 14314
[06/May/2026 17:17:57] "GET /api/v1/mom/list/ HTTP/1.1" 200 14314
[06/May/2026 17:18:00] "GET /api/v1/mom/12/live/ HTTP/1.1" 500 145
[06/May/2026 17:18:00] "GET /api/v1/mom/12/live/ HTTP/1.1" 500 145
[06/May/2026 17:18:05] "GET /api/auth/company/details/ HTTP/1.1" 200 235
[06/May/2026 17:18:05] "GET /api/system/tenant-services/ HTTP/1.1" 200 741
[06/May/2026 17:18:05] "GET /api/system/tenant-services/ HTTP/1.1" 200 741
[06/May/2026 17:18:05] "GET /api/v1/mom/12/live/ HTTP/1.1" 500 145
[06/May/2026 17:18:05] "GET /api/v1/mom/12/live/ HTTP/1.1" 500 145
[06/May/2026 17:18:08] "GET /api/system/tenant-services/ HTTP/1.1" 200 741
[06/May/2026 17:18:08] "GET /api/system/tenant-services/ HTTP/1.1" 200 741
[06/May/2026 17:18:08] "GET /api/auth/company/details/ HTTP/1.1" 200 235
[06/May/2026 17:18:08] "GET /api/v1/mom/list/ HTTP/1.1" 200 14314
[06/May/2026 17:18:08] "GET /api/v1/mom/list/ HTTP/1.1" 200 14314
[06/May/2026 17:18:12] "GET /api/v1/mom/14/ HTTP/1.1" 200 1105
[06/May/2026 17:18:12] "GET /api/v1/mom/14/ HTTP/1.1" 200 1105
[06/May/2026 17:18:16] "GET /api/auth/company/details/ HTTP/1.1" 200 235
[06/May/2026 17:18:16] "GET /api/system/tenant-services/ HTTP/1.1" 200 741
[06/May/2026 17:18:16] "GET /api/system/tenant-services/ HTTP/1.1" 200 741
[06/May/2026 17:18:17] "GET /api/v1/mom/list/ HTTP/1.1" 200 14314
[06/May/2026 17:18:17] "GET /api/v1/mom/list/ HTTP/1.1" 200 14314
[06/May/2026 17:18:22] "GET /api/v1/mom/12/live/ HTTP/1.1" 500 145
[06/May/2026 17:18:22] "GET /api/v1/mom/12/live/ HTTP/1.1" 500 145
Performing system checks...

System check identified no issues (0 silenced).
May 06, 2026 - 17:14:42
Django version 5.2.12, using settings 'athens2.settings'
Starting development server at http://0.0.0.0:8004/
Quit the server with CTRL-BREAK.

WARNING: This is a development server. Do not use it in a production setting. Use a production WSGI or ASGI server instead.
For more information on production servers see: https://docs.djangoproject.com/en/5.2/howto/deployment/
[MOM LIST] user=19 user_type=companyuser role_type=admin project_id=3
[MOM LIST] queryset count=15 for user=19
[MOM LIST] user=19 user_type=companyuser role_type=admin project_id=3
[MOM LIST] queryset count=15 for user=19
[MOM LIST] user=19 user_type=companyuser role_type=admin project_id=3
[MOM LIST] queryset count=15 for user=19
[MOM LIST] user=19 user_type=companyuser role_type=admin project_id=3
[MOM LIST] queryset count=15 for user=19
Meeting ID: 14
Meeting ID: 14
[MOM LIST] user=19 user_type=companyuser role_type=admin project_id=3
[MOM LIST] queryset count=15 for user=19
[MOM LIST] user=19 user_type=companyuser role_type=admin project_id=3
[MOM LIST] queryset count=15 for user=19
Performing system checks...

System check identified no issues (0 silenced).
May 06, 2026 - 17:21:32
Django version 5.2.12, using settings 'athens2.settings'
Starting development server at http://0.0.0.0:8004/
Quit the server with CTRL-BREAK.

WARNING: This is a development server. Do not use it in a production setting. Use a production WSGI or ASGI server instead.
For more information on production servers see: https://docs.djangoproject.com/en/5.2/howto/deployment/
Exception in thread django-main-thread:
Traceback (most recent call last):
  File "C:\Python314\Lib\threading.py", line 1082, in _bootstrap_inner
    self._context.run(self.run)
    ~~~~~~~~~~~~~~~~~^^^^^^^^^^
  File "C:\Python314\Lib\threading.py", line 1024, in run
    self._target(*self._args, **self._kwargs)
    ~~~~~~~~~~~~^^^^^^^^^^^^^^^^^^^^^^^^^^^^^
  File "C:\Users\Saran\AppData\Roaming\Python\Python314\site-packages\django\utils\autoreload.py", line 64, in wrapper
    fn(*args, **kwargs)
    ~~^^^^^^^^^^^^^^^^^
  File "C:\Users\Saran\AppData\Roaming\Python\Python314\site-packages\django\core\management\commands\runserver.py", line 134, in inner_run
    self.check(**check_kwargs)
    ~~~~~~~~~~^^^^^^^^^^^^^^^^
  File "C:\Users\Saran\AppData\Roaming\Python\Python314\site-packages\django\core\management\base.py", line 496, in check
    all_issues = checks.run_checks(
        app_configs=app_configs,
    ...<2 lines>...
        databases=databases,
    )
  File "C:\Users\Saran\AppData\Roaming\Python\Python314\site-packages\django\core\checks\registry.py", line 89, in run_checks
    new_errors = check(app_configs=app_configs, databases=databases)
  File "C:\Users\Saran\AppData\Roaming\Python\Python314\site-packages\django\core\checks\urls.py", line 16, in check_url_config
    return check_resolver(resolver)
  File "C:\Users\Saran\AppData\Roaming\Python\Python314\site-packages\django\core\checks\urls.py", line 26, in check_resolver
    return check_method()
  File "C:\Users\Saran\AppData\Roaming\Python\Python314\site-packages\django\urls\resolvers.py", line 531, in check
    for pattern in self.url_patterns:
                   ^^^^^^^^^^^^^^^^^
  File "C:\Users\Saran\AppData\Roaming\Python\Python314\site-packages\django\utils\functional.py", line 47, in __get__
    res = instance.__dict__[self.name] = self.func(instance)
                                         ~~~~~~~~~^^^^^^^^^^
  File "C:\Users\Saran\AppData\Roaming\Python\Python314\site-packages\django\urls\resolvers.py", line 718, in url_patterns
    patterns = getattr(self.urlconf_module, "urlpatterns", self.urlconf_module)
                       ^^^^^^^^^^^^^^^^^^^
  File "C:\Users\Saran\AppData\Roaming\Python\Python314\site-packages\django\utils\functional.py", line 47, in __get__
    res = instance.__dict__[self.name] = self.func(instance)
                                         ~~~~~~~~~^^^^^^^^^^
  File "C:\Users\Saran\AppData\Roaming\Python\Python314\site-packages\django\urls\resolvers.py", line 711, in urlconf_module
    return import_module(self.urlconf_name)
  File "C:\Python314\Lib\importlib\__init__.py", line 88, in import_module
    return _bootstrap._gcd_import(name[level:], package, level)
           ~~~~~~~~~~~~~~~~~~~~~~^^^^^^^^^^^^^^^^^^^^^^^^^^^^^^
  File "<frozen importlib._bootstrap>", line 1398, in _gcd_import
  File "<frozen importlib._bootstrap>", line 1371, in _find_and_load
  File "<frozen importlib._bootstrap>", line 1342, in _find_and_load_unlocked
  File "<frozen importlib._bootstrap>", line 938, in _load_unlocked
  File "<frozen importlib._bootstrap_external>", line 759, in exec_module
  File "<frozen importlib._bootstrap>", line 491, in _call_with_frames_removed
  File "e:\Athens 5.0\Athens 2.0\backend\athens2\urls.py", line 28, in <module>
    path('', include('mom.urls')),  # MoM uses full paths like /api/v1/mom/
             ~~~~~~~^^^^^^^^^^^^
  File "C:\Users\Saran\AppData\Roaming\Python\Python314\site-packages\django\urls\conf.py", line 39, in include
    urlconf_module = import_module(urlconf_module)
  File "C:\Python314\Lib\importlib\__init__.py", line 88, in import_module
    return _bootstrap._gcd_import(name[level:], package, level)
           ~~~~~~~~~~~~~~~~~~~~~~^^^^^^^^^^^^^^^^^^^^^^^^^^^^^^
  File "<frozen importlib._bootstrap>", line 1398, in _gcd_import
  File "<frozen importlib._bootstrap>", line 1371, in _find_and_load
  File "<frozen importlib._bootstrap>", line 1342, in _find_and_load_unlocked
  File "<frozen importlib._bootstrap>", line 938, in _load_unlocked
  File "<frozen importlib._bootstrap_external>", line 759, in exec_module
  File "<frozen importlib._bootstrap>", line 491, in _call_with_frames_removed
  File "e:\Athens 5.0\Athens 2.0\backend\mom\urls.py", line 37, in <module>
    path('api/v1/mom/<int:pk>/start/', MomStartView.as_view(), name='mom-start'),
                                       ^^^^^^^^^^^^
NameError: name 'MomStartView' is not defined. Did you mean: 'MomListView'?
Performing system checks...

Exception in thread django-main-thread:
Traceback (most recent call last):
  File "C:\Python314\Lib\threading.py", line 1082, in _bootstrap_inner
    self._context.run(self.run)
    ~~~~~~~~~~~~~~~~~^^^^^^^^^^
  File "C:\Python314\Lib\threading.py", line 1024, in run
    self._target(*self._args, **self._kwargs)
    ~~~~~~~~~~~~^^^^^^^^^^^^^^^^^^^^^^^^^^^^^
  File "C:\Users\Saran\AppData\Roaming\Python\Python314\site-packages\django\utils\autoreload.py", line 64, in wrapper
    fn(*args, **kwargs)
    ~~^^^^^^^^^^^^^^^^^
  File "C:\Users\Saran\AppData\Roaming\Python\Python314\site-packages\django\core\management\commands\runserver.py", line 134, in inner_run
    self.check(**check_kwargs)
    ~~~~~~~~~~^^^^^^^^^^^^^^^^
  File "C:\Users\Saran\AppData\Roaming\Python\Python314\site-packages\django\core\management\base.py", line 496, in check
    all_issues = checks.run_checks(
        app_configs=app_configs,
    ...<2 lines>...
        databases=databases,
    )
  File "C:\Users\Saran\AppData\Roaming\Python\Python314\site-packages\django\core\checks\registry.py", line 89, in run_checks
    new_errors = check(app_configs=app_configs, databases=databases)
  File "C:\Users\Saran\AppData\Roaming\Python\Python314\site-packages\django\core\checks\urls.py", line 16, in check_url_config
    return check_resolver(resolver)
  File "C:\Users\Saran\AppData\Roaming\Python\Python314\site-packages\django\core\checks\urls.py", line 26, in check_resolver
    return check_method()
  File "C:\Users\Saran\AppData\Roaming\Python\Python314\site-packages\django\urls\resolvers.py", line 531, in check
    for pattern in self.url_patterns:
                   ^^^^^^^^^^^^^^^^^
  File "C:\Users\Saran\AppData\Roaming\Python\Python314\site-packages\django\utils\functional.py", line 47, in __get__
    res = instance.__dict__[self.name] = self.func(instance)
                                         ~~~~~~~~~^^^^^^^^^^
  File "C:\Users\Saran\AppData\Roaming\Python\Python314\site-packages\django\urls\resolvers.py", line 718, in url_patterns
    patterns = getattr(self.urlconf_module, "urlpatterns", self.urlconf_module)
                       ^^^^^^^^^^^^^^^^^^^
  File "C:\Users\Saran\AppData\Roaming\Python\Python314\site-packages\django\utils\functional.py", line 47, in __get__
    res = instance.__dict__[self.name] = self.func(instance)
                                         ~~~~~~~~~^^^^^^^^^^
  File "C:\Users\Saran\AppData\Roaming\Python\Python314\site-packages\django\urls\resolvers.py", line 711, in urlconf_module
    return import_module(self.urlconf_name)
  File "C:\Python314\Lib\importlib\__init__.py", line 88, in import_module
    return _bootstrap._gcd_import(name[level:], package, level)
           ~~~~~~~~~~~~~~~~~~~~~~^^^^^^^^^^^^^^^^^^^^^^^^^^^^^^
  File "<frozen importlib._bootstrap>", line 1398, in _gcd_import
  File "<frozen importlib._bootstrap>", line 1371, in _find_and_load
  File "<frozen importlib._bootstrap>", line 1342, in _find_and_load_unlocked
  File "<frozen importlib._bootstrap>", line 938, in _load_unlocked
  File "<frozen importlib._bootstrap_external>", line 759, in exec_module
  File "<frozen importlib._bootstrap>", line 491, in _call_with_frames_removed
  File "e:\Athens 5.0\Athens 2.0\backend\athens2\urls.py", line 28, in <module>
    path('', include('mom.urls')),  # MoM uses full paths like /api/v1/mom/
             ~~~~~~~^^^^^^^^^^^^
  File "C:\Users\Saran\AppData\Roaming\Python\Python314\site-packages\django\urls\conf.py", line 39, in include
    urlconf_module = import_module(urlconf_module)
  File "C:\Python314\Lib\importlib\__init__.py", line 88, in import_module
    return _bootstrap._gcd_import(name[level:], package, level)
           ~~~~~~~~~~~~~~~~~~~~~~^^^^^^^^^^^^^^^^^^^^^^^^^^^^^^
  File "<frozen importlib._bootstrap>", line 1398, in _gcd_import
  File "<frozen importlib._bootstrap>", line 1371, in _find_and_load
  File "<frozen importlib._bootstrap>", line 1342, in _find_and_load_unlocked
  File "<frozen importlib._bootstrap>", line 938, in _load_unlocked
  File "<frozen importlib._bootstrap_external>", line 759, in exec_module
  File "<frozen importlib._bootstrap>", line 491, in _call_with_frames_removed
  File "e:\Athens 5.0\Athens 2.0\backend\mom\urls.py", line 2, in <module>
    from .views import (
    ...<21 lines>...
    )
ImportError: cannot import name 'MomStartView' from 'mom.views' (e:\Athens 5.0\Athens 2.0\backend\mom\views.py)
Performing system checks...

Exception in thread django-main-thread:
Traceback (most recent call last):
  File "C:\Python314\Lib\threading.py", line 1082, in _bootstrap_inner
    self._context.run(self.run)
    ~~~~~~~~~~~~~~~~~^^^^^^^^^^
  File "C:\Python314\Lib\threading.py", line 1024, in run
    self._target(*self._args, **self._kwargs)
    ~~~~~~~~~~~~^^^^^^^^^^^^^^^^^^^^^^^^^^^^^
  File "C:\Users\Saran\AppData\Roaming\Python\Python314\site-packages\django\utils\autoreload.py", line 64, in wrapper
    fn(*args, **kwargs)
    ~~^^^^^^^^^^^^^^^^^
  File "C:\Users\Saran\AppData\Roaming\Python\Python314\site-packages\django\core\management\commands\runserver.py", line 134, in inner_run
    self.check(**check_kwargs)
    ~~~~~~~~~~^^^^^^^^^^^^^^^^
  File "C:\Users\Saran\AppData\Roaming\Python\Python314\site-packages\django\core\management\base.py", line 496, in check
    all_issues = checks.run_checks(
        app_configs=app_configs,
    ...<2 lines>...
        databases=databases,
    )
  File "C:\Users\Saran\AppData\Roaming\Python\Python314\site-packages\django\core\checks\registry.py", line 89, in run_checks
    new_errors = check(app_configs=app_configs, databases=databases)
  File "C:\Users\Saran\AppData\Roaming\Python\Python314\site-packages\django\core\checks\urls.py", line 16, in check_url_config
    return check_resolver(resolver)
  File "C:\Users\Saran\AppData\Roaming\Python\Python314\site-packages\django\core\checks\urls.py", line 26, in check_resolver
    return check_method()
  File "C:\Users\Saran\AppData\Roaming\Python\Python314\site-packages\django\urls\resolvers.py", line 531, in check
    for pattern in self.url_patterns:
                   ^^^^^^^^^^^^^^^^^
  File "C:\Users\Saran\AppData\Roaming\Python\Python314\site-packages\django\utils\functional.py", line 47, in __get__
    res = instance.__dict__[self.name] = self.func(instance)
                                         ~~~~~~~~~^^^^^^^^^^
  File "C:\Users\Saran\AppData\Roaming\Python\Python314\site-packages\django\urls\resolvers.py", line 718, in url_patterns
    patterns = getattr(self.urlconf_module, "urlpatterns", self.urlconf_module)
                       ^^^^^^^^^^^^^^^^^^^
  File "C:\Users\Saran\AppData\Roaming\Python\Python314\site-packages\django\utils\functional.py", line 47, in __get__
    res = instance.__dict__[self.name] = self.func(instance)
                                         ~~~~~~~~~^^^^^^^^^^
  File "C:\Users\Saran\AppData\Roaming\Python\Python314\site-packages\django\urls\resolvers.py", line 711, in urlconf_module
    return import_module(self.urlconf_name)
  File "C:\Python314\Lib\importlib\__init__.py", line 88, in import_module
    return _bootstrap._gcd_import(name[level:], package, level)
           ~~~~~~~~~~~~~~~~~~~~~~^^^^^^^^^^^^^^^^^^^^^^^^^^^^^^
  File "<frozen importlib._bootstrap>", line 1398, in _gcd_import
  File "<frozen importlib._bootstrap>", line 1371, in _find_and_load
  File "<frozen importlib._bootstrap>", line 1342, in _find_and_load_unlocked
  File "<frozen importlib._bootstrap>", line 938, in _load_unlocked
  File "<frozen importlib._bootstrap_external>", line 759, in exec_module
  File "<frozen importlib._bootstrap>", line 491, in _call_with_frames_removed
  File "e:\Athens 5.0\Athens 2.0\backend\athens2\urls.py", line 28, in <module>
    path('', include('mom.urls')),  # MoM uses full paths like /api/v1/mom/
             ~~~~~~~^^^^^^^^^^^^
  File "C:\Users\Saran\AppData\Roaming\Python\Python314\site-packages\django\urls\conf.py", line 39, in include
    urlconf_module = import_module(urlconf_module)
  File "C:\Python314\Lib\importlib\__init__.py", line 88, in import_module
    return _bootstrap._gcd_import(name[level:], package, level)
           ~~~~~~~~~~~~~~~~~~~~~~^^^^^^^^^^^^^^^^^^^^^^^^^^^^^^
  File "<frozen importlib._bootstrap>", line 1398, in _gcd_import
  File "<frozen importlib._bootstrap>", line 1371, in _find_and_load
  File "<frozen importlib._bootstrap>", line 1342, in _find_and_load_unlocked
  File "<frozen importlib._bootstrap>", line 938, in _load_unlocked
  File "<frozen importlib._bootstrap_external>", line 759, in exec_module
  File "<frozen importlib._bootstrap>", line 491, in _call_with_frames_removed
  File "e:\Athens 5.0\Athens 2.0\backend\mom\urls.py", line 2, in <module>
    from .views import (
    ...<21 lines>...
    )
ImportError: cannot import name 'MomStartView' from 'mom.views' (e:\Athens 5.0\Athens 2.0\backend\mom\views.py)
Performing system checks...

[06/May/2026 17:57:00] "GET /api/workforce/employees/participants/ HTTP/1.1" 200 431
[06/May/2026 17:57:00] "GET /api/v1/mom/12/live/ HTTP/1.1" 200 1321
[06/May/2026 17:57:04] "GET /api/workforce/employees/participants/ HTTP/1.1" 200 431
[06/May/2026 17:57:04] "GET /api/v1/mom/12/live/ HTTP/1.1" 200 1321
[06/May/2026 17:59:51] "GET /api/workforce/employees/participants/ HTTP/1.1" 200 431
[06/May/2026 17:59:51] "GET /api/v1/mom/12/live/ HTTP/1.1" 200 1321
[06/May/2026 18:00:37] "GET /api/system/tenant-services/ HTTP/1.1" 200 741
[06/May/2026 18:00:37] "GET /api/system/tenant-services/ HTTP/1.1" 200 741
[06/May/2026 18:00:37] "GET /api/auth/company/details/ HTTP/1.1" 200 235
[06/May/2026 18:00:37] "GET /api/workforce/employees/participants/ HTTP/1.1" 200 431
[06/May/2026 18:00:37] "GET /api/workforce/employees/participants/ HTTP/1.1" 200 431
[06/May/2026 18:00:37] "GET /api/v1/mom/12/live/ HTTP/1.1" 200 1321
[06/May/2026 18:00:37] "GET /api/v1/mom/12/live/ HTTP/1.1" 200 1321
[06/May/2026 18:00:54] "GET /api/system/tenant-services/ HTTP/1.1" 200 741
[06/May/2026 18:00:54] "GET /api/system/tenant-services/ HTTP/1.1" 200 741
[06/May/2026 18:00:54] "GET /api/auth/company/details/ HTTP/1.1" 200 235
[06/May/2026 18:00:54] "GET /api/v1/mom/list/ HTTP/1.1" 200 14314
[06/May/2026 18:00:54] "GET /api/v1/mom/list/ HTTP/1.1" 200 14314
[06/May/2026 18:01:02] "GET /api/system/tenant-services/ HTTP/1.1" 200 741
[06/May/2026 18:01:02] "GET /api/auth/company/details/ HTTP/1.1" 200 235
[06/May/2026 18:01:02] "GET /api/system/tenant-services/ HTTP/1.1" 200 741
[06/May/2026 18:01:02] "GET /api/v1/mom/list/ HTTP/1.1" 200 14314
[06/May/2026 18:01:02] "GET /api/v1/mom/list/ HTTP/1.1" 200 14314
[06/May/2026 18:01:04] "GET /api/workforce/employees/participants/ HTTP/1.1" 200 431
[06/May/2026 18:01:04] "GET /api/workforce/employees/participants/ HTTP/1.1" 200 431
[06/May/2026 18:01:04] "GET /api/v1/mom/12/live/ HTTP/1.1" 200 1321
[06/May/2026 18:01:04] "GET /api/v1/mom/12/live/ HTTP/1.1" 200 1321
[06/May/2026 18:06:10] "GET /api/system/tenant-services/ HTTP/1.1" 200 741
[06/May/2026 18:06:10] "GET /api/system/tenant-services/ HTTP/1.1" 200 741
[06/May/2026 18:06:10] "GET /api/auth/company/details/ HTTP/1.1" 200 235
[06/May/2026 18:06:10] "GET /api/workforce/employees/participants/ HTTP/1.1" 200 431
[06/May/2026 18:06:10] "GET /api/v1/mom/12/live/ HTTP/1.1" 200 1321
[06/May/2026 18:06:10] "GET /api/workforce/employees/participants/ HTTP/1.1" 200 431
[06/May/2026 18:06:10] "GET /api/v1/mom/12/live/ HTTP/1.1" 200 1321
[06/May/2026 18:06:24] "GET /api/system/tenant-services/ HTTP/1.1" 200 741
[06/May/2026 18:06:24] "GET /api/system/tenant-services/ HTTP/1.1" 200 741
[06/May/2026 18:06:24] "GET /api/auth/company/details/ HTTP/1.1" 200 235
[06/May/2026 18:06:24] "GET /api/v1/mom/list/ HTTP/1.1" 200 14314
[06/May/2026 18:06:24] "GET /api/v1/mom/list/ HTTP/1.1" 200 14314
[06/May/2026 18:06:28] "GET /api/system/tenant-services/ HTTP/1.1" 200 741
[06/May/2026 18:06:28] "GET /api/system/tenant-services/ HTTP/1.1" 200 741
[06/May/2026 18:06:28] "GET /api/auth/company/details/ HTTP/1.1" 200 235
[06/May/2026 18:06:28] "GET /api/v1/mom/list/ HTTP/1.1" 200 14314
[06/May/2026 18:06:28] "GET /api/v1/mom/list/ HTTP/1.1" 200 14314
[06/May/2026 18:06:30] "GET /api/v1/mom/13/ HTTP/1.1" 200 1097
[06/May/2026 18:06:30] "GET /api/v1/mom/13/ HTTP/1.1" 200 1097
[06/May/2026 18:06:35] "GET /api/system/tenant-services/ HTTP/1.1" 200 741
[06/May/2026 18:06:35] "GET /api/system/tenant-services/ HTTP/1.1" 200 741
[06/May/2026 18:06:35] "GET /api/auth/company/details/ HTTP/1.1" 200 235
[06/May/2026 18:06:35] "GET /api/v1/mom/list/ HTTP/1.1" 200 14314
[06/May/2026 18:06:35] "GET /api/v1/mom/list/ HTTP/1.1" 200 14314
[06/May/2026 18:06:37] "GET /api/workforce/employees/participants/ HTTP/1.1" 200 431
[06/May/2026 18:06:38] "GET /api/v1/mom/11/live/ HTTP/1.1" 200 1321
[06/May/2026 18:06:38] "GET /api/v1/mom/11/live/ HTTP/1.1" 200 1321
[06/May/2026 18:06:38] "GET /api/workforce/employees/participants/ HTTP/1.1" 200 431
[06/May/2026 18:06:47] "GET /api/system/tenant-services/ HTTP/1.1" 200 741
[06/May/2026 18:06:47] "GET /api/auth/company/details/ HTTP/1.1" 200 235
[06/May/2026 18:06:47] "GET /api/system/tenant-services/ HTTP/1.1" 200 741
[06/May/2026 18:06:47] "GET /api/workforce/employees/participants/ HTTP/1.1" 200 431
[06/May/2026 18:06:47] "GET /api/workforce/employees/participants/ HTTP/1.1" 200 431
[06/May/2026 18:06:47] "GET /api/v1/mom/11/live/ HTTP/1.1" 200 1321
[06/May/2026 18:06:47] "GET /api/v1/mom/11/live/ HTTP/1.1" 200 1321
[06/May/2026 18:06:56] "GET /api/system/tenant-services/ HTTP/1.1" 200 741
[06/May/2026 18:06:56] "GET /api/system/tenant-services/ HTTP/1.1" 200 741
[06/May/2026 18:06:56] "GET /api/auth/company/details/ HTTP/1.1" 200 235
[06/May/2026 18:06:56] "GET /api/workforce/employees/participants/ HTTP/1.1" 200 431
[06/May/2026 18:06:56] "GET /api/v1/mom/11/live/ HTTP/1.1" 200 1321
[06/May/2026 18:06:56] "GET /api/workforce/employees/participants/ HTTP/1.1" 200 431
[06/May/2026 18:06:56] "GET /api/v1/mom/11/live/ HTTP/1.1" 200 1321
[06/May/2026 18:07:04] "GET /api/system/tenant-services/ HTTP/1.1" 200 741
[06/May/2026 18:07:04] "GET /api/system/tenant-services/ HTTP/1.1" 200 741
[06/May/2026 18:07:04] "GET /api/auth/company/details/ HTTP/1.1" 200 235
[06/May/2026 18:07:04] "GET /api/workforce/employees/participants/ HTTP/1.1" 200 431
[06/May/2026 18:07:04] "GET /api/v1/mom/11/live/ HTTP/1.1" 200 1321
[06/May/2026 18:07:04] "GET /api/workforce/employees/participants/ HTTP/1.1" 200 431
[06/May/2026 18:07:04] "GET /api/v1/mom/11/live/ HTTP/1.1" 200 1321
[06/May/2026 18:08:54] "GET /api/workforce/employees/participants/ HTTP/1.1" 200 431
[06/May/2026 18:08:54] "GET /api/v1/mom/11/live/ HTTP/1.1" 200 1321
[06/May/2026 18:09:27] "GET /api/workforce/employees/participants/ HTTP/1.1" 200 431
[06/May/2026 18:09:27] "GET /api/v1/mom/11/live/ HTTP/1.1" 200 1321
[06/May/2026 18:11:18] "GET /api/system/tenant-services/ HTTP/1.1" 200 741
[06/May/2026 18:11:18] "GET /api/auth/company/details/ HTTP/1.1" 200 235
[06/May/2026 18:11:18] "GET /api/system/tenant-services/ HTTP/1.1" 200 741
[06/May/2026 18:11:18] "GET /api/workforce/employees/participants/ HTTP/1.1" 200 431
[06/May/2026 18:11:18] "GET /api/workforce/employees/participants/ HTTP/1.1" 200 431
[06/May/2026 18:11:18] "GET /api/v1/mom/11/live/ HTTP/1.1" 200 1321
[06/May/2026 18:11:18] "GET /api/v1/mom/11/live/ HTTP/1.1" 200 1321
[06/May/2026 18:11:52] "GET /api/auth/company/details/ HTTP/1.1" 200 235
[06/May/2026 18:11:52] "GET /api/system/tenant-services/ HTTP/1.1" 200 741
[06/May/2026 18:11:52] "GET /api/system/tenant-services/ HTTP/1.1" 200 741
[06/May/2026 18:11:52] "GET /api/v1/mom/list/ HTTP/1.1" 200 14314
[06/May/2026 18:11:52] "GET /api/v1/mom/list/ HTTP/1.1" 200 14314
[06/May/2026 18:11:58] "GET /api/system/tenant-services/ HTTP/1.1" 200 741
[06/May/2026 18:11:58] "GET /api/system/tenant-services/ HTTP/1.1" 200 741
[06/May/2026 18:11:58] "GET /api/auth/company/details/ HTTP/1.1" 200 235
[06/May/2026 18:11:58] "GET /api/v1/mom/list/ HTTP/1.1" 200 14314
[06/May/2026 18:11:58] "GET /api/v1/mom/list/ HTTP/1.1" 200 14314
[06/May/2026 18:12:01] "GET /api/workforce/employees/participants/ HTTP/1.1" 200 431
[06/May/2026 18:12:01] "GET /api/v1/mom/12/live/ HTTP/1.1" 200 1321
[06/May/2026 18:12:01] "GET /api/workforce/employees/participants/ HTTP/1.1" 200 431
[06/May/2026 18:12:01] "GET /api/v1/mom/12/live/ HTTP/1.1" 200 1321
Performing system checks...

System check identified no issues (0 silenced).
May 06, 2026 - 17:46:06
Django version 5.2.12, using settings 'athens2.settings'
Starting development server at http://0.0.0.0:8004/
Quit the server with CTRL-BREAK.

WARNING: This is a development server. Do not use it in a production setting. Use a production WSGI or ASGI server instead.
For more information on production servers see: https://docs.djangoproject.com/en/5.2/howto/deployment/
[MOM PARTICIPANTS] user=19 project=Hospital Management system count=6
[MOM PARTICIPANTS] user=19 project=Hospital Management system count=6
[MOM PARTICIPANTS] user=19 project=Hospital Management system count=6
[MOM PARTICIPANTS] user=19 project=Hospital Management system count=6
[MOM PARTICIPANTS] user=19 project=Hospital Management system count=6
[MOM LIST] user=19 user_type=companyuser role_type=admin project_id=3
[MOM LIST] queryset count=15 for user=19
[MOM LIST] user=19 user_type=companyuser role_type=admin project_id=3
[MOM LIST] queryset count=15 for user=19
[MOM LIST] user=19 user_type=companyuser role_type=admin project_id=3
[MOM LIST] queryset count=15 for user=19
[MOM LIST] user=19 user_type=companyuser role_type=admin project_id=3
[MOM LIST] queryset count=15 for user=19
[MOM PARTICIPANTS] user=19 project=Hospital Management system count=6
[MOM PARTICIPANTS] user=19 project=Hospital Management system count=6
[MOM PARTICIPANTS] user=19 project=Hospital Management system count=6
[MOM PARTICIPANTS] user=19 project=Hospital Management system count=6
[MOM LIST] user=19 user_type=companyuser role_type=admin project_id=3
[MOM LIST] queryset count=15 for user=19
[MOM LIST] user=19 user_type=companyuser role_type=admin project_id=3
[MOM LIST] queryset count=15 for user=19
[MOM LIST] user=19 user_type=companyuser role_type=admin project_id=3
[MOM LIST] queryset count=15 for user=19
[MOM LIST] user=19 user_type=companyuser role_type=admin project_id=3
[MOM LIST] queryset count=15 for user=19
Meeting ID: 13
Meeting ID: 13
[MOM LIST] user=19 user_type=companyuser role_type=admin project_id=3
[MOM LIST] queryset count=15 for user=19
[MOM LIST] user=19 user_type=companyuser role_type=admin project_id=3
[MOM LIST] queryset count=15 for user=19
[MOM PARTICIPANTS] user=19 project=Hospital Management system count=6
[MOM PARTICIPANTS] user=19 project=Hospital Management system count=6
[MOM PARTICIPANTS] user=19 project=Hospital Management system count=6
[MOM PARTICIPANTS] user=19 project=Hospital Management system count=6
[MOM PARTICIPANTS] user=19 project=Hospital Management system count=6
[MOM PARTICIPANTS] user=19 project=Hospital Management system count=6
[MOM PARTICIPANTS] user=19 project=Hospital Management system count=6
[MOM PARTICIPANTS] user=19 project=Hospital Management system count=6
[MOM PARTICIPANTS] user=19 project=Hospital Management system count=6
[MOM PARTICIPANTS] user=19 project=Hospital Management system count=6
[MOM PARTICIPANTS] user=19 project=Hospital Management system count=6
[MOM PARTICIPANTS] user=19 project=Hospital Management system count=6
[MOM LIST] user=19 user_type=companyuser role_type=admin project_id=3
[MOM LIST] queryset count=15 for user=19
[MOM LIST] user=19 user_type=companyuser role_type=admin project_id=3
[MOM LIST] queryset count=15 for user=19
[MOM LIST] user=19 user_type=companyuser role_type=admin project_id=3
[MOM LIST] queryset count=15 for user=19
[MOM LIST] user=19 user_type=companyuser role_type=admin project_id=3
[MOM LIST] queryset count=15 for user=19
[MOM PARTICIPANTS] user=19 project=Hospital Management system count=6
[MOM PARTICIPANTS] user=19 project=Hospital Management system count=6
Performing system checks...

System check identified no issues (0 silenced).
May 06, 2026 - 18:14:05
Django version 5.2.12, using settings 'athens2.settings'
Starting development server at http://0.0.0.0:8004/
Quit the server with CTRL-BREAK.

WARNING: This is a development server. Do not use it in a production setting. Use a production WSGI or ASGI server instead.
For more information on production servers see: https://docs.djangoproject.com/en/5.2/howto/deployment/
[06/May/2026 18:27:59] "GET /api/workforce/employees/participants/ HTTP/1.1" 200 431
[06/May/2026 18:27:59] "GET /api/v1/mom/12/live/ HTTP/1.1" 200 1314
[06/May/2026 18:27:59] "GET /api/workforce/employees/participants/ HTTP/1.1" 200 431
[06/May/2026 18:27:59] "GET /api/workforce/employees/participants/ HTTP/1.1" 200 431
[06/May/2026 18:27:59] "GET /api/v1/mom/12/live/ HTTP/1.1" 200 1314
[06/May/2026 18:27:59] "GET /api/v1/mom/12/live/ HTTP/1.1" 200 1314
[06/May/2026 18:30:41] "GET /api/workforce/employees/participants/ HTTP/1.1" 200 431
[06/May/2026 18:30:41] "GET /api/v1/mom/12/live/ HTTP/1.1" 200 1314
[06/May/2026 18:30:42] "GET /api/v1/mom/12/live/ HTTP/1.1" 200 1314
[06/May/2026 18:30:42] "GET /api/workforce/employees/participants/ HTTP/1.1" 200 431
[06/May/2026 18:30:42] "GET /api/workforce/employees/participants/ HTTP/1.1" 200 431
[06/May/2026 18:30:42] "GET /api/v1/mom/12/live/ HTTP/1.1" 200 1314
[06/May/2026 18:30:42] "GET /api/v1/mom/12/attendance/log/ HTTP/1.1" 200 691
[06/May/2026 18:30:42] "GET /api/v1/mom/12/attendance/log/ HTTP/1.1" 200 691
[06/May/2026 18:30:57] "GET /api/v1/mom/12/attendance/log/ HTTP/1.1" 200 691
[06/May/2026 18:31:12] "GET /api/v1/mom/12/attendance/log/ HTTP/1.1" 200 691
[06/May/2026 18:31:27] "GET /api/v1/mom/12/attendance/log/ HTTP/1.1" 200 691
[06/May/2026 18:31:43] "GET /api/v1/mom/12/attendance/log/ HTTP/1.1" 200 691
[06/May/2026 18:32:00] "GET /api/v1/mom/12/attendance/log/ HTTP/1.1" 200 691
[06/May/2026 18:32:00] "GET /api/v1/mom/12/attendance/log/ HTTP/1.1" 200 691
[06/May/2026 18:32:15] "GET /api/v1/mom/12/attendance/log/ HTTP/1.1" 200 691
[06/May/2026 18:32:30] "GET /api/v1/mom/12/attendance/log/ HTTP/1.1" 200 691
[06/May/2026 18:32:46] "GET /api/v1/mom/12/attendance/log/ HTTP/1.1" 200 691
[06/May/2026 18:33:01] "GET /api/v1/mom/12/attendance/log/ HTTP/1.1" 200 691
[06/May/2026 18:33:16] "GET /api/v1/mom/12/attendance/log/ HTTP/1.1" 200 691
[06/May/2026 18:33:31] "GET /api/v1/mom/12/attendance/log/ HTTP/1.1" 200 691
[06/May/2026 18:33:41] "GET /api/auth/company/details/ HTTP/1.1" 200 235
[06/May/2026 18:33:41] "GET /api/system/tenant-services/ HTTP/1.1" 200 741
[06/May/2026 18:33:41] "GET /api/system/tenant-services/ HTTP/1.1" 200 741
[06/May/2026 18:33:41] "GET /api/v1/mom/12/live/ HTTP/1.1" 200 1314
[06/May/2026 18:33:41] "GET /api/workforce/employees/participants/ HTTP/1.1" 200 431
[06/May/2026 18:33:41] "GET /api/workforce/employees/participants/ HTTP/1.1" 200 431
[06/May/2026 18:33:41] "GET /api/v1/mom/12/live/ HTTP/1.1" 200 1314
[06/May/2026 18:33:41] "GET /api/v1/mom/12/attendance/log/ HTTP/1.1" 200 691
[06/May/2026 18:33:41] "GET /api/v1/mom/12/attendance/log/ HTTP/1.1" 200 691
[06/May/2026 18:33:56] "GET /api/v1/mom/12/attendance/log/ HTTP/1.1" 200 691
[06/May/2026 18:34:04] "GET /api/v1/mom/12/attendance/log/ HTTP/1.1" 200 691
[06/May/2026 18:34:11] "GET /api/v1/mom/12/attendance/log/ HTTP/1.1" 200 691
[06/May/2026 18:34:20] "POST /api/v1/mom/12/attendance/code/ HTTP/1.1" 200 115
[06/May/2026 18:34:20] "GET /api/v1/mom/12/attendance/log/ HTTP/1.1" 200 797
[06/May/2026 18:34:26] "GET /api/v1/mom/12/attendance/log/ HTTP/1.1" 200 797
[06/May/2026 18:34:41] "GET /api/v1/mom/12/attendance/log/ HTTP/1.1" 200 797
[06/May/2026 18:34:57] "GET /api/v1/mom/12/attendance/log/ HTTP/1.1" 200 797
[06/May/2026 18:35:00] "GET /api/v1/mom/12/qr/ HTTP/1.1" 200 1171
[06/May/2026 18:35:00] "GET /api/v1/mom/12/attendance/log/ HTTP/1.1" 200 797
[06/May/2026 18:35:12] "GET /api/v1/mom/12/attendance/log/ HTTP/1.1" 200 797
[06/May/2026 18:35:27] "GET /api/v1/mom/12/attendance/log/ HTTP/1.1" 200 797
[06/May/2026 18:35:44] "GET /api/v1/mom/12/attendance/log/ HTTP/1.1" 200 797
[06/May/2026 18:35:58] "GET /api/v1/mom/12/attendance/log/ HTTP/1.1" 200 797
[06/May/2026 18:36:13] "GET /api/v1/mom/12/attendance/log/ HTTP/1.1" 200 797
[06/May/2026 18:36:30] "GET /api/v1/mom/12/attendance/log/ HTTP/1.1" 200 797
[06/May/2026 18:36:33] "GET /api/v1/mom/12/qr/ HTTP/1.1" 200 1163
[06/May/2026 18:36:33] "GET /api/v1/mom/12/attendance/log/ HTTP/1.1" 200 797
[06/May/2026 18:36:43] "GET /api/v1/mom/12/attendance/log/ HTTP/1.1" 200 797
[06/May/2026 18:37:00] "GET /api/v1/mom/12/attendance/log/ HTTP/1.1" 200 797
[06/May/2026 18:37:14] "GET /api/v1/mom/12/attendance/log/ HTTP/1.1" 200 797
[06/May/2026 18:37:30] "GET /api/v1/mom/12/attendance/log/ HTTP/1.1" 200 797
[06/May/2026 18:37:45] "GET /api/v1/mom/12/attendance/log/ HTTP/1.1" 200 797
[06/May/2026 18:38:00] "GET /api/v1/mom/12/attendance/log/ HTTP/1.1" 200 797
[06/May/2026 18:38:15] "GET /api/v1/mom/12/attendance/log/ HTTP/1.1" 200 797
[06/May/2026 18:38:31] "GET /api/v1/mom/12/attendance/log/ HTTP/1.1" 200 797
[06/May/2026 18:38:46] "GET /api/v1/mom/12/attendance/log/ HTTP/1.1" 200 797
[06/May/2026 18:39:04] "GET /api/v1/mom/12/attendance/log/ HTTP/1.1" 200 797
[06/May/2026 18:39:19] "GET /api/v1/mom/12/attendance/log/ HTTP/1.1" 200 797
[06/May/2026 18:39:33] "GET /api/v1/mom/12/attendance/log/ HTTP/1.1" 200 797
[06/May/2026 18:39:50] "GET /api/v1/mom/12/attendance/log/ HTTP/1.1" 200 797
[06/May/2026 18:40:04] "GET /api/v1/mom/12/attendance/log/ HTTP/1.1" 200 797
[06/May/2026 18:40:19] "GET /api/v1/mom/12/attendance/log/ HTTP/1.1" 200 797
[06/May/2026 18:40:34] "GET /api/v1/mom/12/attendance/log/ HTTP/1.1" 200 797
[06/May/2026 18:40:52] "GET /api/v1/mom/12/attendance/log/ HTTP/1.1" 200 797
[06/May/2026 18:41:06] "GET /api/v1/mom/12/attendance/log/ HTTP/1.1" 200 797
[06/May/2026 18:41:21] "GET /api/v1/mom/12/attendance/log/ HTTP/1.1" 200 797
[06/May/2026 18:41:36] "GET /api/v1/mom/12/attendance/log/ HTTP/1.1" 200 797
[06/May/2026 18:41:38] "GET /api/v1/mom/12/attendance/log/ HTTP/1.1" 200 797
[06/May/2026 18:41:38] "GET /api/v1/mom/12/attendance/log/ HTTP/1.1" 200 797
[06/May/2026 18:41:53] "GET /api/v1/mom/12/attendance/log/ HTTP/1.1" 200 797
[06/May/2026 18:42:08] "GET /api/v1/mom/12/attendance/log/ HTTP/1.1" 200 797
[06/May/2026 18:42:25] "GET /api/v1/mom/12/attendance/log/ HTTP/1.1" 200 797
[06/May/2026 18:42:38] "GET /api/v1/mom/12/attendance/log/ HTTP/1.1" 200 797
[06/May/2026 18:42:42] "GET /api/system/tenant-services/ HTTP/1.1" 200 741
[06/May/2026 18:42:42] "GET /api/system/tenant-services/ HTTP/1.1" 200 741
[06/May/2026 18:42:42] "GET /api/auth/company/details/ HTTP/1.1" 200 235
[06/May/2026 18:42:42] "GET /api/workforce/employees/participants/ HTTP/1.1" 200 431
[06/May/2026 18:42:42] "GET /api/v1/mom/12/live/ HTTP/1.1" 200 1313
[06/May/2026 18:42:42] "GET /api/workforce/employees/participants/ HTTP/1.1" 200 431
[06/May/2026 18:42:42] "GET /api/v1/mom/12/live/ HTTP/1.1" 200 1313
[06/May/2026 18:42:42] "GET /api/v1/mom/12/attendance/log/ HTTP/1.1" 200 797
[06/May/2026 18:42:42] "GET /api/v1/mom/12/attendance/log/ HTTP/1.1" 200 797
[06/May/2026 18:42:57] "GET /api/v1/mom/12/attendance/log/ HTTP/1.1" 200 797
[06/May/2026 18:43:12] "PUT /api/v1/mom/12/live/attendance/ HTTP/1.1" 200 55
[06/May/2026 18:43:12] "PUT /api/v1/mom/12/complete/ HTTP/1.1" 200 40
[06/May/2026 18:43:12] "POST /api/notifications/create/ HTTP/1.1" 201 333
[06/May/2026 18:43:12] "POST /api/notifications/create/ HTTP/1.1" 201 333
[06/May/2026 18:43:12] "GET /api/v1/mom/12/attendance/log/ HTTP/1.1" 200 797
[06/May/2026 18:43:12] "POST /api/notifications/create/ HTTP/1.1" 201 333
[06/May/2026 18:43:12] "POST /api/notifications/create/ HTTP/1.1" 201 333
[06/May/2026 18:43:12] "POST /api/notifications/create/ HTTP/1.1" 201 333
[06/May/2026 18:43:12] "POST /api/notifications/create/ HTTP/1.1" 201 333
[06/May/2026 18:43:13] "GET /api/v1/mom/list/ HTTP/1.1" 200 14339
[06/May/2026 18:43:13] "GET /api/v1/mom/list/ HTTP/1.1" 200 14339
[06/May/2026 18:43:19] "GET /api/system/tenant-services/ HTTP/1.1" 200 741
[06/May/2026 18:43:19] "GET /api/auth/company/details/ HTTP/1.1" 200 235
[06/May/2026 18:43:19] "GET /api/system/tenant-services/ HTTP/1.1" 200 741
[06/May/2026 18:43:19] "GET /api/v1/mom/list/ HTTP/1.1" 200 14339
[06/May/2026 18:43:19] "GET /api/v1/mom/list/ HTTP/1.1" 200 14339
[06/May/2026 18:43:24] "GET /api/v1/mom/13/live/ HTTP/1.1" 200 1493
[06/May/2026 18:43:24] "GET /api/workforce/employees/participants/ HTTP/1.1" 200 431
[06/May/2026 18:43:24] "GET /api/v1/mom/13/live/ HTTP/1.1" 200 1493
[06/May/2026 18:43:24] "GET /api/workforce/employees/participants/ HTTP/1.1" 200 431
[06/May/2026 18:43:42] "POST /api/v1/mom/13/attendance/code/ HTTP/1.1" 200 105
[06/May/2026 18:43:48] "GET /api/system/tenant-services/ HTTP/1.1" 200 741
[06/May/2026 18:43:48] "GET /api/auth/company/details/ HTTP/1.1" 200 235
[06/May/2026 18:43:48] "GET /api/system/tenant-services/ HTTP/1.1" 200 741
[06/May/2026 18:43:48] "GET /api/v1/mom/13/live/ HTTP/1.1" 200 1492
[06/May/2026 18:43:48] "GET /api/workforce/employees/participants/ HTTP/1.1" 200 431
[06/May/2026 18:43:48] "GET /api/workforce/employees/participants/ HTTP/1.1" 200 431
[06/May/2026 18:43:48] "GET /api/v1/mom/13/live/ HTTP/1.1" 200 1492
[06/May/2026 18:44:17] "GET /api/system/tenant-services/ HTTP/1.1" 200 741
[06/May/2026 18:44:17] "GET /api/system/tenant-services/ HTTP/1.1" 200 741
[06/May/2026 18:44:17] "GET /api/auth/company/details/ HTTP/1.1" 200 235
[06/May/2026 18:44:18] "GET /api/v1/mom/list/ HTTP/1.1" 200 14334
[06/May/2026 18:44:18] "GET /api/v1/mom/list/ HTTP/1.1" 200 14334
[06/May/2026 18:44:31] "GET /api/workforce/employees/participants/ HTTP/1.1" 200 431
[06/May/2026 18:44:31] "GET /api/workforce/employees/participants/ HTTP/1.1" 200 431
[06/May/2026 18:44:31] "GET /api/v1/mom/11/live/ HTTP/1.1" 500 145
[06/May/2026 18:44:31] "GET /api/v1/mom/11/live/ HTTP/1.1" 200 1316
[06/May/2026 18:44:32] "GET /api/v1/mom/11/attendance/log/ HTTP/1.1" 200 479
[06/May/2026 18:44:32] "GET /api/v1/mom/11/attendance/log/ HTTP/1.1" 200 479
[06/May/2026 18:44:39] "GET /api/v1/mom/list/ HTTP/1.1" 200 14329
[06/May/2026 18:44:39] "GET /api/v1/mom/list/ HTTP/1.1" 200 14329
[06/May/2026 18:44:41] "GET /api/workforce/employees/participants/ HTTP/1.1" 200 431
[06/May/2026 18:44:41] "GET /api/workforce/employees/participants/ HTTP/1.1" 200 431
[06/May/2026 18:44:41] "GET /api/v1/mom/13/live/ HTTP/1.1" 200 1492
[06/May/2026 18:44:41] "GET /api/v1/mom/13/live/ HTTP/1.1" 200 1492
[06/May/2026 18:45:08] "PUT /api/v1/mom/13/live/attendance/ HTTP/1.1" 200 55
[06/May/2026 18:45:08] "PUT /api/v1/mom/13/complete/ HTTP/1.1" 403 64
[06/May/2026 18:45:20] "PUT /api/v1/mom/13/live/attendance/ HTTP/1.1" 200 55
[06/May/2026 18:45:20] "PUT /api/v1/mom/13/complete/ HTTP/1.1" 403 64
Performing system checks...

System check identified no issues (0 silenced).
May 06, 2026 - 18:27:09
Django version 5.2.12, using settings 'athens2.settings'
Starting development server at http://0.0.0.0:8004/
Quit the server with CTRL-BREAK.

WARNING: This is a development server. Do not use it in a production setting. Use a production WSGI or ASGI server instead.
For more information on production servers see: https://docs.djangoproject.com/en/5.2/howto/deployment/
[MOM PARTICIPANTS] user=19 project=Hospital Management system count=6
[MOM PARTICIPANTS] user=19 project=Hospital Management system count=6
[MOM PARTICIPANTS] user=19 project=Hospital Management system count=6
[MOM PARTICIPANTS] user=19 project=Hospital Management system count=6
[MOM PARTICIPANTS] user=19 project=Hospital Management system count=6
[MOM PARTICIPANTS] user=19 project=Hospital Management system count=6
[MOM PARTICIPANTS] user=19 project=Hospital Management system count=6
[MOM PARTICIPANTS] user=19 project=Hospital Management system count=6
[MOM PARTICIPANTS] user=19 project=Hospital Management system count=6
[MOM PARTICIPANTS] user=19 project=Hospital Management system count=6
[MOM LIST] user=19 user_type=companyuser role_type=admin project_id=3
[MOM LIST] queryset count=15 for user=19
[MOM LIST] user=19 user_type=companyuser role_type=admin project_id=3
[MOM LIST] queryset count=15 for user=19
[MOM LIST] user=19 user_type=companyuser role_type=admin project_id=3
[MOM LIST] queryset count=15 for user=19
[MOM LIST] user=19 user_type=companyuser role_type=admin project_id=3
[MOM LIST] queryset count=15 for user=19
[MOM PARTICIPANTS] user=19 project=Hospital Management system count=6
[MOM PARTICIPANTS] user=19 project=Hospital Management system count=6
[MOM PARTICIPANTS] user=19 project=Hospital Management system count=6
[MOM PARTICIPANTS] user=19 project=Hospital Management system count=6
[MOM LIST] user=19 user_type=companyuser role_type=admin project_id=3
[MOM LIST] queryset count=15 for user=19
[MOM LIST] user=19 user_type=companyuser role_type=admin project_id=3
[MOM LIST] queryset count=15 for user=19
[MOM PARTICIPANTS] user=19 project=Hospital Management system count=6
[MOM PARTICIPANTS] user=19 project=Hospital Management system count=6
[MOM LIST] user=19 user_type=companyuser role_type=admin project_id=3
[MOM LIST] user=19 user_type=companyuser role_type=admin project_id=3
[MOM LIST] queryset count=15 for user=19
[MOM LIST] queryset count=15 for user=19
[MOM PARTICIPANTS] user=19 project=Hospital Management system count=6
[MOM PARTICIPANTS] user=19 project=Hospital Management system count=6
[06/May/2026 18:46:51] "GET /api/auth/company/details/ HTTP/1.1" 200 235
[06/May/2026 18:46:51] "GET /api/system/tenant-services/ HTTP/1.1" 200 741
[06/May/2026 18:46:51] "GET /api/system/tenant-services/ HTTP/1.1" 200 741
[06/May/2026 18:46:51] "GET /api/workforce/employees/participants/ HTTP/1.1" 200 431
[06/May/2026 18:46:51] "GET /api/workforce/employees/participants/ HTTP/1.1" 200 431
[06/May/2026 18:46:51] "GET /api/v1/mom/13/live/ HTTP/1.1" 200 1493
[06/May/2026 18:46:51] "GET /api/v1/mom/13/live/ HTTP/1.1" 200 1493
[06/May/2026 18:47:02] "GET /api/system/tenant-services/ HTTP/1.1" 200 741
[06/May/2026 18:47:02] "GET /api/system/tenant-services/ HTTP/1.1" 200 741
[06/May/2026 18:47:02] "GET /api/auth/company/details/ HTTP/1.1" 200 235
[06/May/2026 18:47:03] "GET /api/v1/mom/list/ HTTP/1.1" 200 14329
[06/May/2026 18:47:03] "GET /api/v1/mom/list/ HTTP/1.1" 200 14329
[06/May/2026 18:47:05] "GET /api/workforce/employees/participants/ HTTP/1.1" 200 431
[06/May/2026 18:47:05] "GET /api/workforce/employees/participants/ HTTP/1.1" 200 431
[06/May/2026 18:47:05] "GET /api/v1/mom/11/live/ HTTP/1.1" 200 1316
[06/May/2026 18:47:05] "GET /api/v1/mom/11/live/ HTTP/1.1" 200 1316
[06/May/2026 18:47:05] "GET /api/v1/mom/11/attendance/log/ HTTP/1.1" 200 479
[06/May/2026 18:47:05] "GET /api/v1/mom/11/attendance/log/ HTTP/1.1" 200 479
[06/May/2026 18:47:09] "GET /api/system/tenant-services/ HTTP/1.1" 200 741
[06/May/2026 18:47:09] "GET /api/auth/company/details/ HTTP/1.1" 200 235
[06/May/2026 18:47:09] "GET /api/system/tenant-services/ HTTP/1.1" 200 741
[06/May/2026 18:47:09] "GET /api/v1/mom/list/ HTTP/1.1" 200 14329
[06/May/2026 18:47:09] "GET /api/v1/mom/list/ HTTP/1.1" 200 14329
[06/May/2026 18:47:15] "GET /api/v1/mom/14/ HTTP/1.1" 200 1105
[06/May/2026 18:47:15] "GET /api/v1/mom/14/ HTTP/1.1" 200 1105
[06/May/2026 18:48:23] "GET /api/system/tenant-services/ HTTP/1.1" 200 741
[06/May/2026 18:48:23] "GET /api/system/tenant-services/ HTTP/1.1" 200 741
[06/May/2026 18:48:23] "GET /api/auth/company/details/ HTTP/1.1" 200 235
[06/May/2026 18:48:23] "GET /api/v1/mom/list/ HTTP/1.1" 200 14329
[06/May/2026 18:48:23] "GET /api/v1/mom/list/ HTTP/1.1" 200 14329
[06/May/2026 18:49:21] "GET /api/workforce/employees/participants/ HTTP/1.1" 200 431
[06/May/2026 18:49:21] "GET /api/v1/mom/10/live/ HTTP/1.1" 200 1316
[06/May/2026 18:49:21] "GET /api/workforce/employees/participants/ HTTP/1.1" 200 431
[06/May/2026 18:49:21] "GET /api/v1/mom/10/live/ HTTP/1.1" 200 1316
[06/May/2026 18:49:22] "GET /api/v1/mom/10/attendance/log/ HTTP/1.1" 200 479
[06/May/2026 18:49:22] "GET /api/v1/mom/10/attendance/log/ HTTP/1.1" 200 479
[06/May/2026 18:49:28] "GET /api/system/tenant-services/ HTTP/1.1" 200 741
[06/May/2026 18:49:28] "GET /api/system/tenant-services/ HTTP/1.1" 200 741
[06/May/2026 18:49:28] "GET /api/auth/company/details/ HTTP/1.1" 200 235
[06/May/2026 18:49:28] "GET /api/v1/mom/list/ HTTP/1.1" 200 14324
[06/May/2026 18:49:28] "GET /api/v1/mom/list/ HTTP/1.1" 200 14324
[06/May/2026 18:53:14] "DELETE /api/v1/mom/12/delete/ HTTP/1.1" 204 0
[06/May/2026 18:53:14] "GET /api/v1/mom/list/ HTTP/1.1" 200 13264
[06/May/2026 18:53:48] "GET /api/v1/mom/list/ HTTP/1.1" 200 13264
[06/May/2026 18:53:48] "GET /api/v1/mom/list/ HTTP/1.1" 200 13264
[06/May/2026 18:53:59] "GET /api/tbt/ HTTP/1.1" 404 179
[06/May/2026 18:53:59] "GET /api/tbt/ HTTP/1.1" 404 179
